I'm sorry, but an uncaught exception occurred.

While running game code:
  File "game/script.rpy", line 213, in script
    theif "Oh ho think we can escape do we? You are not going anywhere."
Exception: Sayer 'theif' is not defined.

-- Full Traceback ------------------------------------------------------------

Full traceback:
  File "game/script.rpy", line 213, in script
    theif "Oh ho think we can escape do we? You are not going anywhere."
  File "C:\Users\drapt\Downloads\renpy-8.0.3-sdk\renpy\ast.py", line 881, in execute
    who = eval_who(self.who, self.who_fast)
  File "C:\Users\drapt\Downloads\renpy-8.0.3-sdk\renpy\ast.py", line 774, in eval_who
    raise Exception("Sayer '%s' is not defined." % who)
Exception: Sayer 'theif' is not defined.

Windows-10-10.0.19045 AMD64
Ren'Py 8.0.3.22090809
Visual Novel Project 1.0
Sat Feb 25 22:32:41 2023
